 
****************************************
Report : area
Design : div_by_80_50dut
Version: S-2021.06-SP5-5
Date   : Mon Mar 27 10:05:54 2023
****************************************

Library(s) Used:

    GF22FDX_SC8T_104CPP_BASE_CSC24L_SSG_0P72V_0P00V_0P00V_0P00V_M40C (File: /home/eda_work/asif/22nm_lib/dbs/24lvt_dbs/GF22FDX_SC8T_104CPP_BASE_CSC24L_SSG_0P72V_0P00V_0P00V_0P00V_M40C_ccs.db)
    GF22FDX_SC8T_104CPP_BASE_CSC28L_SSG_0P72V_0P00V_0P00V_0P00V_M40C (File: /home/eda_work/asif/22nm_lib/dbs/28lvt_dbs/GF22FDX_SC8T_104CPP_BASE_CSC28L_SSG_0P72V_0P00V_0P00V_0P00V_M40C_ccs.db)

Number of ports:                            5
Number of nets:                            22
Number of cells:                           20
Number of combinational cells:             13
Number of sequential cells:                 7
Number of macros/black boxes:               0
Number of buf/inv:                          2
Number of references:                      10

Combinational area:                  4.060160
Buf/Inv area:                        0.266240
Noncombinational area:              10.782720
Macro/Black Box area:                0.000000
Net Interconnect area:      undefined  (No wire load specified)

Total cell area:                    14.842880
Total area:                 undefined

Hierarchical area distribution
------------------------------

                                  Global cell area          Local cell area
                                  ------------------  --------------------------- 
Hierarchical cell                 Absolute   Percent  Combi-    Noncombi-  Black-
                                  Total      Total    national  national   boxes   Design
--------------------------------  ---------  -------  --------  ---------  ------  ---------
div_by_80_50dut                     14.8429    100.0    4.0602    10.7827  0.0000  div_by_80_50dut
--------------------------------  ---------  -------  --------  ---------  ------  ---------
Total                                                   4.0602    10.7827  0.0000

1
