 
****************************************
Report : clocks
Design : div_by_80_50dut
Version: S-2021.06-SP5-5
<<<<<<< HEAD
Date   : Mon Mar 27 10:15:41 2023
=======
Date   : Mon Mar 27 09:11:17 2023
>>>>>>> 8db16edf3e760bac24fac6ae527f8c8d1e96900d
****************************************

Attributes:
    d - dont_touch_network
    f - fix_hold
    p - propagated_clock
    G - generated_clock
    g - lib_generated_clock

Clock          Period   Waveform            Attrs     Sources
--------------------------------------------------------------------------------
CLK            500.00   {0 250}                       {}
--------------------------------------------------------------------------------
1
